[19:06:47.929][info] [#0:/home/nauzoo/.config/coc/extensions/coc-sumneko-lua-data/sumneko-lua-ls/extension/server/main.lua:66]: Lua Lsp startup, root: 	/home/nauzoo/.config/coc/extensions/coc-sumneko-lua-data/sumneko-lua-ls/extension/server
[19:06:47.929][info] [#0:/home/nauzoo/.config/coc/extensions/coc-sumneko-lua-data/sumneko-lua-ls/extension/server/main.lua:67]: ROOT:	/home/nauzoo/.config/coc/extensions/coc-sumneko-lua-data/sumneko-lua-ls/extension/server
[19:06:47.929][info] [#0:/home/nauzoo/.config/coc/extensions/coc-sumneko-lua-data/sumneko-lua-ls/extension/server/main.lua:68]: LOGPATH:	/home/nauzoo/.config/coc/extensions/coc-sumneko-lua-data/sumneko-lua-ls/extension/server/log
[19:06:47.929][info] [#0:/home/nauzoo/.config/coc/extensions/coc-sumneko-lua-data/sumneko-lua-ls/extension/server/main.lua:69]: METAPATH:	/home/nauzoo/.config/coc/extensions/coc-sumneko-lua-data/sumneko-lua-ls/extension/server/meta
[19:06:47.929][info] [#0:/home/nauzoo/.config/coc/extensions/coc-sumneko-lua-data/sumneko-lua-ls/extension/server/main.lua:70]: VERSION:	3.7.4
[19:06:47.945][info] [#0:script/service/service.lua:144]: 
========= Medical Examination Report =========
    --------------- Memory ---------------
        Total: 2.166 MB
        # 00 : 2.166 MB
        # 01 : 0.000 MB
        # 02 : 0.000 MB
        # 03 : 0.000 MB
        # 04 : 0.000 MB
    --------------- Coroutine ---------------
        Total:     0
        Running:   0
        Suspended: 0
        Normal:    0
        Dead:      0
    --------------- Cache ---------------
        Total: 1
        Dead:  0
    ---------------  RPC  ---------------
        Holdon:   0
        Waiting:  0
==============================================
[19:06:47.948][info] [#0:script/client.lua:657]: Client init	{
  capabilities = {
    general = {
      markdown = {
        parser = "marked",
        version = "4.0.10"
      },
      positionEncodings = { "utf-16" },
      regularExpressions = {
        engine = "ECMAScript",
        version = "ES2020"
      },
      staleRequestSupport = {
        cancel = true,
        retryOnContentModified = { "textDocument/inlayHint", "textDocument/semanticTokens/full", "textDocument/semanticTokens/range", "textDocument/semanticTokens/full/delta" }
      }
    },
    textDocument = {
      callHierarchy = {
        dynamicRegistration = true
      },
      codeAction = {
        codeActionLiteralSupport = {
          codeActionKind = {
            valueSet = { "", "quickfix", "refactor", "refactor.extract", "refactor.inline", "refactor.rewrite", "source", "source.organizeImports" }
          }
        },
        dataSupport = true,
        disabledSupport = true,
        dynamicRegistration = true,
        honorsChangeAnnotations = false,
        isPreferredSupport = true,
        resolveSupport = {
          properties = { "edit" }
        }
      },
      codeLens = {
        dynamicRegistration = true
      },
      colorProvider = {
        dynamicRegistration = true
      },
      completion = {
        completionItem = {
          commitCharactersSupport = true,
          deprecatedSupport = true,
          documentationFormat = { "markdown", "plaintext" },
          insertReplaceSupport = true,
          insertTextModeSupport = {
            valueSet = { 1, 2 }
          },
          labelDetailsSupport = true,
          preselectSupport = true,
          resolveSupport = {
            properties = { "documentation", "detail", "additionalTextEdits" }
          },
          snippetSupport = true,
          tagSupport = {
            valueSet = { 1 }
          }
        },
        completionItemKind = {
          valueSet = { 1, 2, 3, 4, 5, 6, 7, 8, 9, 10, 11, 12, 13, 14, 15, 16, 17, 18, 19, 20, 21, 22, 23, 24, 25 }
        },
        completionList = {
          itemDefaults = { "commitCharacters", "editRange", "insertTextFormat", "insertTextMode" }
        },
        contextSupport = true,
        dynamicRegistration = true,
        insertTextMode = 2
      },
      declaration = {
        dynamicRegistration = true,
        linkSupport = true
      },
      definition = {
        dynamicRegistration = true,
        linkSupport = true
      },
      diagnostic = {
        dynamicRegistration = true,
        relatedDocumentSupport = true
      },
      documentHighlight = {
        dynamicRegistration = true
      },
      documentLink = {
        dynamicRegistration = true,
        tooltipSupport = true
      },
      documentSymbol = {
        dynamicRegistration = true,
        hierarchicalDocumentSymbolSupport = true,
        labelSupport = true,
        symbolKind = {
          valueSet = { 1, 2, 3, 4, 5, 6, 7, 8, 9, 10, 11, 12, 13, 14, 15, 16, 17, 18, 19, 20, 21, 22, 23, 24, 25, 26 }
        },
        tagSupport = {
          valueSet = { 1 }
        }
      },
      foldingRange = {
        dynamicRegistration = true,
        foldingRange = {
          collapsedText = false
        },
        foldingRangeKind = {
          valueSet = { "comment", "imports", "region" }
        },
        lineFoldingOnly = true,
        rangeLimit = 5000
      },
      formatting = {
        dynamicRegistration = true
      },
      hover = {
        contentFormat = { "markdown", "plaintext" },
        dynamicRegistration = true
      },
      implementation = {
        dynamicRegistration = true,
        linkSupport = true
      },
      inlayHint = {
        dynamicRegistration = true,
        resolveSupport = {
          properties = { "tooltip", "textEdits", "label.tooltip", "label.location", "label.command" }
        }
      },
      inlineValue = {
        dynamicRegistration = true
      },
      linkedEditingRange = {
        dynamicRegistration = true
      },
      onTypeFormatting = {
        dynamicRegistration = true
      },
      publishDiagnostics = {
        codeDescriptionSupport = true,
        dataSupport = true,
        relatedInformation = true,
        tagSupport = {
          valueSet = { 1, 2 }
        },
        versionSupport = true
      },
      rangeFormatting = {
        dynamicRegistration = true
      },
      references = {
        dynamicRegistration = true
      },
      rename = {
        dynamicRegistration = true,
        honorsChangeAnnotations = true,
        prepareSupport = true,
        prepareSupportDefaultBehavior = 1
      },
      selectionRange = {
        dynamicRegistration = true
      },
      semanticTokens = {
        augmentsSyntaxTokens = true,
        dynamicRegistration = true,
        formats = { "relative" },
        multilineTokenSupport = false,
        overlappingTokenSupport = false,
        requests = {
          full = {
            delta = true
          },
          range = true
        },
        serverCancelSupport = true,
        tokenModifiers = { "declaration", "definition", "readonly", "static", "deprecated", "abstract", "async", "modification", "documentation", "defaultLibrary" },
        tokenTypes = { "namespace", "type", "class", "enum", "interface", "struct", "typeParameter", "parameter", "variable", "property", "enumMember", "event", "function", "method", "macro", "keyword", "modifier", "comment", "string", "number", "regexp", "decorator", "operator" }
      },
      signatureHelp = {
        contextSupport = true,
        dynamicRegistration = true,
        signatureInformation = {
          activeParameterSupport = true,
          documentationFormat = { "markdown", "plaintext" },
          parameterInformation = {
            labelOffsetSupport = true
          }
        }
      },
      synchronization = {
        didSave = true,
        dynamicRegistration = true,
        willSave = true,
        willSaveWaitUntil = true
      },
      typeDefinition = {
        dynamicRegistration = true,
        linkSupport = true
      },
      typeHierarchy = {
        dynamicRegistration = true
      }
    },
    window = {
      showDocument = {
        support = true
      },
      showMessage = {
        messageActionItem = {
          additionalPropertiesSupport = true
        }
      },
      workDoneProgress = true
    },
    workspace = {
      applyEdit = true,
      codeLens = {
        refreshSupport = true
      },
      configuration = true,
      diagnostics = {
        refreshSupport = true
      },
      didChangeConfiguration = {
        dynamicRegistration = true
      },
      didChangeWatchedFiles = {
        dynamicRegistration = true,
        relativePatternSupport = true
      },
      executeCommand = {
        dynamicRegistration = true
      },
      fileOperations = {
        didCreate = true,
        didDelete = true,
        didRename = true,
        dynamicRegistration = true,
        willCreate = true,
        willDelete = true,
        willRename = true
      },
      inlayHint = {
        refreshSupport = true
      },
      inlineValue = {
        refreshSupport = true
      },
      semanticTokens = {
        refreshSupport = true
      },
      symbol = {
        dynamicRegistration = true,
        resolveSupport = {
          properties = { "location.range" }
        },
        symbolKind = {
          valueSet = { 1, 2, 3, 4, 5, 6, 7, 8, 9, 10, 11, 12, 13, 14, 15, 16, 17, 18, 19, 20, 21, 22, 23, 24, 25, 26 }
        },
        tagSupport = {
          valueSet = { 1 }
        }
      },
      workspaceEdit = {
        changeAnnotationSupport = {
          groupsOnLabel = false
        },
        documentChanges = true,
        failureHandling = "undo",
        normalizesLineEndings = true,
        resourceOperations = { "create", "rename", "delete" }
      },
      workspaceFolders = true
    }
  },
  clientInfo = {
    name = "coc.nvim",
    version = "0.0.82"
  },
  initializationOptions = {
    changeConfiguration = true
  },
  locale = "en_US",
  processId = 109481,
  rootPath = "/home/nauzoo/scriptKid/cStudies",
  rootUri = "file:///home/nauzoo/scriptKid/cStudies",
  trace = "off",
  workDoneToken = "16291ead-ce01-47ae-9f58-186219da781b",
  workspaceFolders = { {
      name = "cStudies",
      uri = "file:///home/nauzoo/scriptKid/cStudies"
    } }
}
[19:06:47.948][info] [#0:script/language.lua:137]: VSC language: en-us
[19:06:47.948][info] [#0:script/language.lua:138]: LS  language: en-us
[19:06:47.948][info] [#0:script/workspace/workspace.lua:38]: Workspace init root: 	file:///home/nauzoo/scriptKid/cStudies
[19:06:47.948][info] [#0:script/workspace/workspace.lua:42]: Log path: 	/home/nauzoo/.config/coc/extensions/coc-sumneko-lua-data/sumneko-lua-ls/extension/server/log/file_home_nauzoo_scriptKid_cStudies.log
[19:06:47.948][info] [#0:script/workspace/workspace.lua:48]: Workspace create: 	file:///home/nauzoo/scriptKid/cStudies
[19:06:48.151][info] [#0:script/provider/provider.lua:46]: Load config from client	file:///home/nauzoo/scriptKid/cStudies
[19:06:48.152][info] [#0:script/provider/provider.lua:47]: {
  Lua = {
    addonManager = {
      enable = true
    },
    codeLens = {
      enable = false
    },
    completion = {
      autoRequire = true,
      callSnippet = "Disable",
      displayContext = 0,
      enable = true,
      keywordSnippet = "Replace",
      postfix = "@",
      requireSeparator = ".",
      showParams = true,
      showWord = "Fallback",
      workspaceWord = true
    },
    diagnostics = {
      disable = {},
      disableScheme = { "git" },
      enable = true,
      globals = {},
      groupFileStatus = {},
      groupSeverity = {},
      ignoredFiles = "Opened",
      libraryFiles = "Opened",
      neededFileStatus = {},
      severity = {},
      unusedLocalExclude = {},
      workspaceDelay = 3000,
      workspaceEvent = "OnSave",
      workspaceRate = 100
    },
    doc = {
      packageName = {},
      privateName = {},
      protectedName = {}
    },
    format = {
      defaultConfig = {},
      enable = true
    },
    hint = {
      arrayIndex = "Auto",
      await = true,
      enable = true,
      paramName = "All",
      paramType = true,
      semicolon = "SameLine",
      setType = false
    },
    hover = {
      enable = true,
      enumsLimit = 5,
      expandAlias = true,
      previewFields = 50,
      viewNumber = true,
      viewString = true,
      viewStringMax = 1000
    },
    misc = {
      executablePath = "",
      parameters = {}
    },
    nameStyle = {
      config = {}
    },
    runtime = {
      builtin = {},
      fileEncoding = "utf8",
      meta = "${version} ${language} ${encoding}",
      nonstandardSymbol = {},
      path = { "?.lua", "?/init.lua" },
      pathStrict = false,
      plugin = "",
      pluginArgs = {},
      special = {},
      unicodeName = false,
      version = "Lua 5.4"
    },
    semantic = {
      annotation = true,
      enable = true,
      keyword = false,
      variable = true
    },
    signatureHelp = {
      enable = true
    },
    spell = {
      dict = {}
    },
    type = {
      castNumberToInteger = true,
      weakNilCheck = false,
      weakUnionCheck = false
    },
    typeFormat = {
      config = {}
    },
    window = {
      progressBar = true,
      statusBar = true
    },
    workspace = {
      checkThirdParty = "",
      ignoreDir = { ".vscode" },
      ignoreSubmodules = true,
      library = {},
      maxPreload = 5000,
      preloadFileSize = 500,
      useGitIgnore = true,
      userThirdParty = {}
    }
  }
}
[19:06:48.254][info] [#0:script/provider/completion.lua:43]: Enable completion.
[19:06:48.254][info] [#0:script/provider/provider.lua:61]: Load config from client	fallback
[19:06:48.255][info] [#0:script/provider/provider.lua:62]: {
  Lua = {
    addonManager = {
      enable = true
    },
    codeLens = {
      enable = false
    },
    completion = {
      autoRequire = true,
      callSnippet = "Disable",
      displayContext = 0,
      enable = true,
      keywordSnippet = "Replace",
      postfix = "@",
      requireSeparator = ".",
      showParams = true,
      showWord = "Fallback",
      workspaceWord = true
    },
    diagnostics = {
      disable = {},
      disableScheme = { "git" },
      enable = true,
      globals = {},
      groupFileStatus = {},
      groupSeverity = {},
      ignoredFiles = "Opened",
      libraryFiles = "Opened",
      neededFileStatus = {},
      severity = {},
      unusedLocalExclude = {},
      workspaceDelay = 3000,
      workspaceEvent = "OnSave",
      workspaceRate = 100
    },
    doc = {
      packageName = {},
      privateName = {},
      protectedName = {}
    },
    format = {
      defaultConfig = {},
      enable = true
    },
    hint = {
      arrayIndex = "Auto",
      await = true,
      enable = true,
      paramName = "All",
      paramType = true,
      semicolon = "SameLine",
      setType = false
    },
    hover = {
      enable = true,
      enumsLimit = 5,
      expandAlias = true,
      previewFields = 50,
      viewNumber = true,
      viewString = true,
      viewStringMax = 1000
    },
    misc = {
      executablePath = "",
      parameters = {}
    },
    nameStyle = {
      config = {}
    },
    runtime = {
      builtin = {},
      fileEncoding = "utf8",
      meta = "${version} ${language} ${encoding}",
      nonstandardSymbol = {},
      path = { "?.lua", "?/init.lua" },
      pathStrict = false,
      plugin = "",
      pluginArgs = {},
      special = {},
      unicodeName = false,
      version = "Lua 5.4"
    },
    semantic = {
      annotation = true,
      enable = true,
      keyword = false,
      variable = true
    },
    signatureHelp = {
      enable = true
    },
    spell = {
      dict = {}
    },
    type = {
      castNumberToInteger = true,
      weakNilCheck = false,
      weakUnionCheck = false
    },
    typeFormat = {
      config = {}
    },
    window = {
      progressBar = true,
      statusBar = true
    },
    workspace = {
      checkThirdParty = "",
      ignoreDir = { ".vscode" },
      ignoreSubmodules = true,
      library = {},
      maxPreload = 5000,
      preloadFileSize = 500,
      useGitIgnore = true,
      userThirdParty = {}
    }
  }
}
[19:06:48.457][info] [#0:script/library.lua:212]: Init builtin library at:	file:///home/nauzoo/scriptKid/cStudies
[19:06:48.482][info] [#0:script/plugin.lua:86]: plugin path:	/home/nauzoo/scriptKid/cStudies
[19:06:48.482][warn] [#0:script/plugin.lua:101]: plugin not found:	/home/nauzoo/scriptKid/cStudies
[19:06:48.482][info] [#0:script/library.lua:212]: Init builtin library at:	nil
[19:06:48.587][info] [#0:script/workspace/workspace.lua:324]: Preload start:	file:///home/nauzoo/scriptKid/cStudies
[19:06:48.593][info] [#0:script/workspace/workspace.lua:330]: Scan files at:	file:///home/nauzoo/scriptKid/cStudies
[19:06:48.593][info] [#0:script/workspace/workspace.lua:353]: Scan library at:	file:///home/nauzoo/.config/coc/extensions/coc-sumneko-lua-data/sumneko-lua-ls/extension/server/meta/Lua%205.4%20en-us%20utf8/utf8.lua
[19:06:48.593][info] [#0:script/workspace/workspace.lua:324]: Preload start:	<fallback>
[19:06:48.594][info] [#0:script/workspace/workspace.lua:353]: Scan library at:	file:///home/nauzoo/.config/coc/extensions/coc-sumneko-lua-data/sumneko-lua-ls/extension/server/meta/Lua%205.4%20en-us%20utf8/utf8.lua
[19:06:48.594][info] [#0:script/workspace/workspace.lua:353]: Scan library at:	file:///home/nauzoo/.config/coc/extensions/coc-sumneko-lua-data/sumneko-lua-ls/extension/server/meta/Lua%205.4%20en-us%20utf8/io.lua
[19:06:48.594][info] [#0:script/workspace/workspace.lua:353]: Scan library at:	file:///home/nauzoo/.config/coc/extensions/coc-sumneko-lua-data/sumneko-lua-ls/extension/server/meta/Lua%205.4%20en-us%20utf8/io.lua
[19:06:48.594][info] [#0:script/workspace/workspace.lua:353]: Scan library at:	file:///home/nauzoo/.config/coc/extensions/coc-sumneko-lua-data/sumneko-lua-ls/extension/server/meta/Lua%205.4%20en-us%20utf8/coroutine.lua
[19:06:48.595][info] [#0:script/workspace/workspace.lua:353]: Scan library at:	file:///home/nauzoo/.config/coc/extensions/coc-sumneko-lua-data/sumneko-lua-ls/extension/server/meta/Lua%205.4%20en-us%20utf8/coroutine.lua
[19:06:48.595][info] [#0:script/workspace/workspace.lua:353]: Scan library at:	file:///home/nauzoo/.config/coc/extensions/coc-sumneko-lua-data/sumneko-lua-ls/extension/server/meta/Lua%205.4%20en-us%20utf8/math.lua
[19:06:48.595][info] [#0:script/workspace/workspace.lua:353]: Scan library at:	file:///home/nauzoo/.config/coc/extensions/coc-sumneko-lua-data/sumneko-lua-ls/extension/server/meta/Lua%205.4%20en-us%20utf8/math.lua
[19:06:48.595][info] [#0:script/workspace/workspace.lua:353]: Scan library at:	file:///home/nauzoo/.config/coc/extensions/coc-sumneko-lua-data/sumneko-lua-ls/extension/server/meta/Lua%205.4%20en-us%20utf8/string.lua
[19:06:48.595][info] [#0:script/workspace/workspace.lua:353]: Scan library at:	file:///home/nauzoo/.config/coc/extensions/coc-sumneko-lua-data/sumneko-lua-ls/extension/server/meta/Lua%205.4%20en-us%20utf8/string.lua
[19:06:48.595][info] [#0:script/workspace/workspace.lua:353]: Scan library at:	file:///home/nauzoo/.config/coc/extensions/coc-sumneko-lua-data/sumneko-lua-ls/extension/server/meta/Lua%205.4%20en-us%20utf8/basic.lua
[19:06:48.595][info] [#0:script/workspace/workspace.lua:353]: Scan library at:	file:///home/nauzoo/.config/coc/extensions/coc-sumneko-lua-data/sumneko-lua-ls/extension/server/meta/Lua%205.4%20en-us%20utf8/basic.lua
[19:06:48.595][info] [#0:script/workspace/workspace.lua:353]: Scan library at:	file:///home/nauzoo/.config/coc/extensions/coc-sumneko-lua-data/sumneko-lua-ls/extension/server/meta/Lua%205.4%20en-us%20utf8/package.lua
[19:06:48.595][info] [#0:script/workspace/workspace.lua:353]: Scan library at:	file:///home/nauzoo/.config/coc/extensions/coc-sumneko-lua-data/sumneko-lua-ls/extension/server/meta/Lua%205.4%20en-us%20utf8/package.lua
[19:06:48.595][info] [#0:script/workspace/workspace.lua:353]: Scan library at:	file:///home/nauzoo/.config/coc/extensions/coc-sumneko-lua-data/sumneko-lua-ls/extension/server/meta/Lua%205.4%20en-us%20utf8/builtin.lua
[19:06:48.595][info] [#0:script/workspace/workspace.lua:353]: Scan library at:	file:///home/nauzoo/.config/coc/extensions/coc-sumneko-lua-data/sumneko-lua-ls/extension/server/meta/Lua%205.4%20en-us%20utf8/builtin.lua
[19:06:48.595][info] [#0:script/workspace/workspace.lua:353]: Scan library at:	file:///home/nauzoo/.config/coc/extensions/coc-sumneko-lua-data/sumneko-lua-ls/extension/server/meta/Lua%205.4%20en-us%20utf8/debug.lua
[19:06:48.595][info] [#0:script/workspace/workspace.lua:353]: Scan library at:	file:///home/nauzoo/.config/coc/extensions/coc-sumneko-lua-data/sumneko-lua-ls/extension/server/meta/Lua%205.4%20en-us%20utf8/debug.lua
[19:06:48.595][info] [#0:script/workspace/workspace.lua:353]: Scan library at:	file:///home/nauzoo/.config/coc/extensions/coc-sumneko-lua-data/sumneko-lua-ls/extension/server/meta/Lua%205.4%20en-us%20utf8/table.lua
[19:06:48.595][info] [#0:script/workspace/workspace.lua:353]: Scan library at:	file:///home/nauzoo/.config/coc/extensions/coc-sumneko-lua-data/sumneko-lua-ls/extension/server/meta/Lua%205.4%20en-us%20utf8/table.lua
[19:06:48.595][info] [#0:script/workspace/workspace.lua:353]: Scan library at:	file:///home/nauzoo/.config/coc/extensions/coc-sumneko-lua-data/sumneko-lua-ls/extension/server/meta/Lua%205.4%20en-us%20utf8/os.lua
[19:06:48.595][info] [#0:script/workspace/workspace.lua:353]: Scan library at:	file:///home/nauzoo/.config/coc/extensions/coc-sumneko-lua-data/sumneko-lua-ls/extension/server/meta/Lua%205.4%20en-us%20utf8/os.lua
[19:06:48.696][info] [#0:script/workspace/workspace.lua:379]: Found 11 files at:	file:///home/nauzoo/scriptKid/cStudies
[19:06:48.696][info] [#0:script/workspace/loading.lua:161]: Load files from disk:	file:///home/nauzoo/scriptKid/cStudies
[19:06:48.696][info] [#0:script/workspace/workspace.lua:379]: Found 11 files at:	<fallback>
[19:06:48.696][info] [#0:script/workspace/loading.lua:161]: Load files from disk:	<fallback>
[19:06:48.797][info] [#0:script/workspace/loading.lua:101]: Preload file at: file:///home/nauzoo/.config/coc/extensions/coc-sumneko-lua-data/sumneko-lua-ls/extension/server/meta/Lua%205.4%20en-us%20utf8/os.lua , size = 5.600 KB
[19:06:48.803][info] [#0:script/workspace/loading.lua:113]: ++++As library of:	file:///home/nauzoo/.config/coc/extensions/coc-sumneko-lua-data/sumneko-lua-ls/extension/server/meta/Lua%205.4%20en-us%20utf8/os.lua
[19:06:48.803][info] [#0:script/workspace/loading.lua:98]: Skip loaded file: file:///home/nauzoo/.config/coc/extensions/coc-sumneko-lua-data/sumneko-lua-ls/extension/server/meta/Lua%205.4%20en-us%20utf8/os.lua
[19:06:48.803][info] [#0:script/workspace/loading.lua:101]: Preload file at: file:///home/nauzoo/.config/coc/extensions/coc-sumneko-lua-data/sumneko-lua-ls/extension/server/meta/Lua%205.4%20en-us%20utf8/table.lua , size = 4.230 KB
[19:06:48.805][info] [#0:script/workspace/loading.lua:113]: ++++As library of:	file:///home/nauzoo/.config/coc/extensions/coc-sumneko-lua-data/sumneko-lua-ls/extension/server/meta/Lua%205.4%20en-us%20utf8/table.lua
[19:06:48.805][info] [#0:script/workspace/loading.lua:98]: Skip loaded file: file:///home/nauzoo/.config/coc/extensions/coc-sumneko-lua-data/sumneko-lua-ls/extension/server/meta/Lua%205.4%20en-us%20utf8/table.lua
[19:06:48.805][info] [#0:script/workspace/loading.lua:101]: Preload file at: file:///home/nauzoo/.config/coc/extensions/coc-sumneko-lua-data/sumneko-lua-ls/extension/server/meta/Lua%205.4%20en-us%20utf8/debug.lua , size = 7.637 KB
[19:06:48.809][info] [#0:script/workspace/loading.lua:113]: ++++As library of:	file:///home/nauzoo/.config/coc/extensions/coc-sumneko-lua-data/sumneko-lua-ls/extension/server/meta/Lua%205.4%20en-us%20utf8/debug.lua
[19:06:48.809][info] [#0:script/workspace/loading.lua:98]: Skip loaded file: file:///home/nauzoo/.config/coc/extensions/coc-sumneko-lua-data/sumneko-lua-ls/extension/server/meta/Lua%205.4%20en-us%20utf8/debug.lua
[19:06:48.809][info] [#0:script/workspace/loading.lua:101]: Preload file at: file:///home/nauzoo/.config/coc/extensions/coc-sumneko-lua-data/sumneko-lua-ls/extension/server/meta/Lua%205.4%20en-us%20utf8/builtin.lua , size = 0.302 KB
[19:06:48.809][info] [#0:script/workspace/loading.lua:113]: ++++As library of:	file:///home/nauzoo/.config/coc/extensions/coc-sumneko-lua-data/sumneko-lua-ls/extension/server/meta/Lua%205.4%20en-us%20utf8/builtin.lua
[19:06:48.809][info] [#0:script/workspace/loading.lua:98]: Skip loaded file: file:///home/nauzoo/.config/coc/extensions/coc-sumneko-lua-data/sumneko-lua-ls/extension/server/meta/Lua%205.4%20en-us%20utf8/builtin.lua
[19:06:48.810][info] [#0:script/workspace/loading.lua:101]: Preload file at: file:///home/nauzoo/.config/coc/extensions/coc-sumneko-lua-data/sumneko-lua-ls/extension/server/meta/Lua%205.4%20en-us%20utf8/package.lua , size = 2.944 KB
[19:06:48.811][info] [#0:script/workspace/loading.lua:113]: ++++As library of:	file:///home/nauzoo/.config/coc/extensions/coc-sumneko-lua-data/sumneko-lua-ls/extension/server/meta/Lua%205.4%20en-us%20utf8/package.lua
[19:06:48.811][info] [#0:script/workspace/loading.lua:98]: Skip loaded file: file:///home/nauzoo/.config/coc/extensions/coc-sumneko-lua-data/sumneko-lua-ls/extension/server/meta/Lua%205.4%20en-us%20utf8/package.lua
[19:06:48.811][info] [#0:script/workspace/loading.lua:101]: Preload file at: file:///home/nauzoo/.config/coc/extensions/coc-sumneko-lua-data/sumneko-lua-ls/extension/server/meta/Lua%205.4%20en-us%20utf8/basic.lua , size = 15.377 KB
[19:06:48.815][info] [#0:script/workspace/loading.lua:113]: ++++As library of:	file:///home/nauzoo/.config/coc/extensions/coc-sumneko-lua-data/sumneko-lua-ls/extension/server/meta/Lua%205.4%20en-us%20utf8/basic.lua
[19:06:48.815][info] [#0:script/workspace/loading.lua:98]: Skip loaded file: file:///home/nauzoo/.config/coc/extensions/coc-sumneko-lua-data/sumneko-lua-ls/extension/server/meta/Lua%205.4%20en-us%20utf8/basic.lua
[19:06:48.815][info] [#0:script/workspace/loading.lua:101]: Preload file at: file:///home/nauzoo/.config/coc/extensions/coc-sumneko-lua-data/sumneko-lua-ls/extension/server/meta/Lua%205.4%20en-us%20utf8/string.lua , size = 6.341 KB
[19:06:48.818][info] [#0:script/workspace/loading.lua:113]: ++++As library of:	file:///home/nauzoo/.config/coc/extensions/coc-sumneko-lua-data/sumneko-lua-ls/extension/server/meta/Lua%205.4%20en-us%20utf8/string.lua
[19:06:48.818][info] [#0:script/workspace/loading.lua:98]: Skip loaded file: file:///home/nauzoo/.config/coc/extensions/coc-sumneko-lua-data/sumneko-lua-ls/extension/server/meta/Lua%205.4%20en-us%20utf8/string.lua
[19:06:48.818][info] [#0:script/workspace/loading.lua:101]: Preload file at: file:///home/nauzoo/.config/coc/extensions/coc-sumneko-lua-data/sumneko-lua-ls/extension/server/meta/Lua%205.4%20en-us%20utf8/math.lua , size = 8.509 KB
[19:06:48.821][info] [#0:script/workspace/loading.lua:113]: ++++As library of:	file:///home/nauzoo/.config/coc/extensions/coc-sumneko-lua-data/sumneko-lua-ls/extension/server/meta/Lua%205.4%20en-us%20utf8/math.lua
[19:06:48.821][info] [#0:script/workspace/loading.lua:98]: Skip loaded file: file:///home/nauzoo/.config/coc/extensions/coc-sumneko-lua-data/sumneko-lua-ls/extension/server/meta/Lua%205.4%20en-us%20utf8/math.lua
[19:06:48.821][info] [#0:script/workspace/loading.lua:101]: Preload file at: file:///home/nauzoo/.config/coc/extensions/coc-sumneko-lua-data/sumneko-lua-ls/extension/server/meta/Lua%205.4%20en-us%20utf8/coroutine.lua , size = 2.590 KB
[19:06:48.823][info] [#0:script/workspace/loading.lua:113]: ++++As library of:	file:///home/nauzoo/.config/coc/extensions/coc-sumneko-lua-data/sumneko-lua-ls/extension/server/meta/Lua%205.4%20en-us%20utf8/coroutine.lua
[19:06:48.823][info] [#0:script/workspace/loading.lua:98]: Skip loaded file: file:///home/nauzoo/.config/coc/extensions/coc-sumneko-lua-data/sumneko-lua-ls/extension/server/meta/Lua%205.4%20en-us%20utf8/coroutine.lua
[19:06:48.823][info] [#0:script/workspace/loading.lua:101]: Preload file at: file:///home/nauzoo/.config/coc/extensions/coc-sumneko-lua-data/sumneko-lua-ls/extension/server/meta/Lua%205.4%20en-us%20utf8/io.lua , size = 6.364 KB
[19:06:48.825][info] [#0:script/workspace/loading.lua:113]: ++++As library of:	file:///home/nauzoo/.config/coc/extensions/coc-sumneko-lua-data/sumneko-lua-ls/extension/server/meta/Lua%205.4%20en-us%20utf8/io.lua
[19:06:48.825][info] [#0:script/workspace/loading.lua:98]: Skip loaded file: file:///home/nauzoo/.config/coc/extensions/coc-sumneko-lua-data/sumneko-lua-ls/extension/server/meta/Lua%205.4%20en-us%20utf8/io.lua
[19:06:48.825][info] [#0:script/workspace/loading.lua:101]: Preload file at: file:///home/nauzoo/.config/coc/extensions/coc-sumneko-lua-data/sumneko-lua-ls/extension/server/meta/Lua%205.4%20en-us%20utf8/utf8.lua , size = 2.386 KB
[19:06:48.826][info] [#0:script/workspace/loading.lua:113]: ++++As library of:	file:///home/nauzoo/.config/coc/extensions/coc-sumneko-lua-data/sumneko-lua-ls/extension/server/meta/Lua%205.4%20en-us%20utf8/utf8.lua
[19:06:48.826][info] [#0:script/workspace/loading.lua:98]: Skip loaded file: file:///home/nauzoo/.config/coc/extensions/coc-sumneko-lua-data/sumneko-lua-ls/extension/server/meta/Lua%205.4%20en-us%20utf8/utf8.lua
[19:06:48.926][info] [#0:script/workspace/loading.lua:173]: Loaded files takes [0.035] sec: file:///home/nauzoo/scriptKid/cStudies
[19:06:48.927][info] [#0:script/workspace/loading.lua:182]: Compile files takes [0.000] sec: file:///home/nauzoo/scriptKid/cStudies
[19:06:48.927][info] [#0:script/workspace/loading.lua:183]: Loaded finish:	file:///home/nauzoo/scriptKid/cStudies
[19:06:48.927][info] [#0:script/workspace/workspace.lua:381]: Preload finish at:	file:///home/nauzoo/scriptKid/cStudies
[19:06:48.931][info] [#0:script/workspace/loading.lua:173]: Loaded files takes [0.040] sec: <fallback>
[19:06:48.931][info] [#0:script/workspace/loading.lua:182]: Compile files takes [0.000] sec: <fallback>
[19:06:48.931][info] [#0:script/workspace/loading.lua:183]: Loaded finish:	<fallback>
[19:06:48.931][info] [#0:script/workspace/workspace.lua:381]: Preload finish at:	<fallback>
[19:06:48.933][info] [#0:script/provider/diagnostic.lua:557]: Diagnostics scope [file:///home/nauzoo/scriptKid/cStudies], files count:[12]
[19:06:48.935][info] [#0:script/provider/diagnostic.lua:574]: Diagnostics scope [file:///home/nauzoo/scriptKid/cStudies] finished, takes [0.003] sec.
[19:06:58.363][info] [#0:script/provider/diagnostic.lua:171]: clearDiagnostics	file:///home/nauzoo/scriptKid/cStudies/test.lua
[19:07:00.761][info] [#0:script/provider/diagnostic.lua:171]: clearDiagnostics	file:///home/nauzoo/scriptKid/cStudies/test.lua
[19:07:01.875][info] [#0:script/provider/diagnostic.lua:171]: clearDiagnostics	file:///home/nauzoo/scriptKid/cStudies/test.lua
[19:07:12.920][info] [#0:script/provider/diagnostic.lua:171]: clearDiagnostics	file:///home/nauzoo/scriptKid/cStudies/test.lua
[19:07:16.857][info] [#0:script/provider/diagnostic.lua:171]: clearDiagnostics	file:///home/nauzoo/scriptKid/cStudies/test.lua
[19:07:20.109][info] [#0:script/provider/diagnostic.lua:171]: clearDiagnostics	file:///home/nauzoo/scriptKid/cStudies/test.lua
[19:07:22.753][info] [#0:script/provider/diagnostic.lua:171]: clearDiagnostics	file:///home/nauzoo/scriptKid/cStudies/test.lua
[19:07:24.675][info] [#0:script/provider/diagnostic.lua:171]: clearDiagnostics	file:///home/nauzoo/scriptKid/cStudies/test.lua
[19:07:27.106][info] [#0:script/provider/diagnostic.lua:171]: clearDiagnostics	file:///home/nauzoo/scriptKid/cStudies/test.lua
[19:07:29.880][info] [#0:script/provider/diagnostic.lua:171]: clearDiagnostics	file:///home/nauzoo/scriptKid/cStudies/test.lua
[19:07:31.810][info] [#0:script/provider/diagnostic.lua:171]: clearDiagnostics	file:///home/nauzoo/scriptKid/cStudies/test.lua
[19:07:33.632][info] [#0:script/provider/diagnostic.lua:171]: clearDiagnostics	file:///home/nauzoo/scriptKid/cStudies/test.lua
[19:07:34.846][info] [#0:script/provider/diagnostic.lua:171]: clearDiagnostics	file:///home/nauzoo/scriptKid/cStudies/test.lua
[19:07:38.365][info] [#0:script/provider/diagnostic.lua:171]: clearDiagnostics	file:///home/nauzoo/scriptKid/cStudies/test.lua
[19:07:49.916][info] [#0:script/provider/diagnostic.lua:171]: clearDiagnostics	file:///home/nauzoo/scriptKid/cStudies/test.lua
[19:08:10.677][info] [#0:script/provider/diagnostic.lua:171]: clearDiagnostics	file:///home/nauzoo/scriptKid/cStudies/test.lua
[19:08:37.695][info] [#0:script/provider/diagnostic.lua:171]: clearDiagnostics	file:///home/nauzoo/scriptKid/cStudies/test.lua
